# JRE version: OpenJDK Runtime Environment (8.0_202-b03) (build 1.8.0_202-release-1483-b03)
# Java VM: OpenJDK 64-Bit Server VM (25.202-b03 mixed mode windows-amd64 compressed oops)
Heap:
 PSYoungGen      total 199680K, used 62393K [0x00000000e0000000, 0x00000000eda00000, 0x0000000100000000)
  eden space 184320K, 26% used [0x00000000e0000000,0x00000000e2f03268,0x00000000eb400000)
  from space 15360K, 92% used [0x00000000ecb00000,0x00000000ed8eb338,0x00000000eda00000)
  to   space 19456K, 0% used [0x00000000eb400000,0x00000000eb400000,0x00000000ec700000)
 ParOldGen       total 84480K, used 36685K [0x00000000a0000000, 0x00000000a5280000, 0x00000000e0000000)
  object space 84480K, 43% used [0x00000000a0000000,0x00000000a23d3418,0x00000000a5280000)
 Metaspace       used 67016K, capacity 69438K, committed 69720K, reserved 1110016K
  class space    used 9086K, capacity 9600K, committed 9600K, reserved 1048576K
GC Heap History (10 events):
Event: 5.817 GC heap before
{Heap before GC invocations=11 (full 2):
 PSYoungGen      total 124928K, used 9755K [0x00000000e0000000, 0x00000000eb500000, 0x0000000100000000)
  eden space 114176K, 0% used [0x00000000e0000000,0x00000000e0000000,0x00000000e6f80000)
  from space 10752K, 90% used [0x00000000e6f80000,0x00000000e7906e18,0x00000000e7a00000)
  to   space 11776K, 0% used [0x00000000ea980000,0x00000000ea980000,0x00000000eb500000)
 ParOldGen       total 55808K, used 8658K [0x00000000a0000000, 0x00000000a3680000, 0x00000000e0000000)
  object space 55808K, 15% used [0x00000000a0000000,0x00000000a0874b18,0x00000000a3680000)
 Metaspace       used 34618K, capacity 35376K, committed 35456K, reserved 1079296K
  class space    used 4778K, capacity 4968K, committed 4992K, reserved 1048576K
Event: 5.873 GC heap after
Heap after GC invocations=11 (full 2):
 PSYoungGen      total 124928K, used 0K [0x00000000e0000000, 0x00000000eb500000, 0x0000000100000000)
  eden space 114176K, 0% used [0x00000000e0000000,0x00000000e0000000,0x00000000e6f80000)
  from space 10752K, 0% used [0x00000000e6f80000,0x00000000e6f80000,0x00000000e7a00000)
  to   space 11776K, 0% used [0x00000000ea980000,0x00000000ea980000,0x00000000eb500000)
 ParOldGen       total 84480K, used 16876K [0x00000000a0000000, 0x00000000a5280000, 0x00000000e0000000)
  object space 84480K, 19% used [0x00000000a0000000,0x00000000a107b058,0x00000000a5280000)
 Metaspace       used 34596K, capacity 35304K, committed 35456K, reserved 1079296K
  class space    used 4771K, capacity 4956K, committed 4992K, reserved 1048576K
}
Event: 6.988 GC heap before
{Heap before GC invocations=12 (full 2):
 PSYoungGen      total 124928K, used 114176K [0x00000000e0000000, 0x00000000eb500000, 0x0000000100000000)
  eden space 114176K, 100% used [0x00000000e0000000,0x00000000e6f80000,0x00000000e6f80000)
  from space 10752K, 0% used [0x00000000e6f80000,0x00000000e6f80000,0x00000000e7a00000)
  to   space 11776K, 0% used [0x00000000ea980000,0x00000000ea980000,0x00000000eb500000)
 ParOldGen       total 84480K, used 16876K [0x00000000a0000000, 0x00000000a5280000, 0x00000000e0000000)
  object space 84480K, 19% used [0x00000000a0000000,0x00000000a107b058,0x00000000a5280000)
 Metaspace       used 45434K, capacity 46478K, committed 46720K, reserved 1089536K
  class space    used 6120K, capacity 6418K, committed 6528K, reserved 1048576K
Event: 7.001 GC heap after
Heap after GC invocations=12 (full 2):
 PSYoungGen      total 158720K, used 11767K [0x00000000e0000000, 0x00000000eb500000, 0x0000000100000000)
  eden space 146944K, 0% used [0x00000000e0000000,0x00000000e0000000,0x00000000e8f80000)
  from space 11776K, 99% used [0x00000000ea980000,0x00000000eb4fde08,0x00000000eb500000)
  to   space 13824K, 0% used [0x00000000e9a00000,0x00000000e9a00000,0x00000000ea780000)
 ParOldGen       total 84480K, used 20235K [0x00000000a0000000, 0x00000000a5280000, 0x00000000e0000000)
  object space 84480K, 23% used [0x00000000a0000000,0x00000000a13c2fb0,0x00000000a5280000)
 Metaspace       used 45434K, capacity 46478K, committed 46720K, reserved 1089536K
  class space    used 6120K, capacity 6418K, committed 6528K, reserved 1048576K
}
Event: 8.602 GC heap before
{Heap before GC invocations=13 (full 2):
 PSYoungGen      total 158720K, used 151602K [0x00000000e0000000, 0x00000000eb500000, 0x0000000100000000)
  eden space 146944K, 95% used [0x00000000e0000000,0x00000000e888eb20,0x00000000e8f80000)
  from space 11776K, 99% used [0x00000000ea980000,0x00000000eb4fde08,0x00000000eb500000)
  to   space 13824K, 0% used [0x00000000e9a00000,0x00000000e9a00000,0x00000000ea780000)
 ParOldGen       total 84480K, used 20235K [0x00000000a0000000, 0x00000000a5280000, 0x00000000e0000000)
  object space 84480K, 23% used [0x00000000a0000000,0x00000000a13c2fb0,0x00000000a5280000)
 Metaspace       used 57227K, capacity 58886K, committed 59096K, reserved 1099776K
  class space    used 7779K, capacity 8166K, committed 8192K, reserved 1048576K
Event: 8.625 GC heap after
Heap after GC invocations=13 (full 2):
 PSYoungGen      total 171520K, used 13792K [0x00000000e0000000, 0x00000000edd80000, 0x0000000100000000)
  eden space 157696K, 0% used [0x00000000e0000000,0x00000000e0000000,0x00000000e9a00000)
  from space 13824K, 99% used [0x00000000e9a00000,0x00000000ea7782b0,0x00000000ea780000)
  to   space 18944K, 0% used [0x00000000ecb00000,0x00000000ecb00000,0x00000000edd80000)
 ParOldGen       total 84480K, used 29153K [0x00000000a0000000, 0x00000000a5280000, 0x00000000e0000000)
  object space 84480K, 34% used [0x00000000a0000000,0x00000000a1c785b8,0x00000000a5280000)
 Metaspace       used 57227K, capacity 58886K, committed 59096K, reserved 1099776K
  class space    used 7779K, capacity 8166K, committed 8192K, reserved 1048576K
}
Event: 8.625 GC heap before
{Heap before GC invocations=14 (full 3):
 PSYoungGen      total 171520K, used 13792K [0x00000000e0000000, 0x00000000edd80000, 0x0000000100000000)
  eden space 157696K, 0% used [0x00000000e0000000,0x00000000e0000000,0x00000000e9a00000)
  from space 13824K, 99% used [0x00000000e9a00000,0x00000000ea7782b0,0x00000000ea780000)
  to   space 18944K, 0% used [0x00000000ecb00000,0x00000000ecb00000,0x00000000edd80000)
 ParOldGen       total 84480K, used 29153K [0x00000000a0000000, 0x00000000a5280000, 0x00000000e0000000)
  object space 84480K, 34% used [0x00000000a0000000,0x00000000a1c785b8,0x00000000a5280000)
 Metaspace       used 57227K, capacity 58886K, committed 59096K, reserved 1099776K
  class space    used 7779K, capacity 8166K, committed 8192K, reserved 1048576K
Event: 8.853 GC heap after
Heap after GC invocations=14 (full 3):
 PSYoungGen      total 171520K, used 0K [0x00000000e0000000, 0x00000000edd80000, 0x0000000100000000)
  eden space 157696K, 0% used [0x00000000e0000000,0x00000000e0000000,0x00000000e9a00000)
  from space 13824K, 0% used [0x00000000e9a00000,0x00000000e9a00000,0x00000000ea780000)
  to   space 18944K, 0% used [0x00000000ecb00000,0x00000000ecb00000,0x00000000edd80000)
 ParOldGen       total 84480K, used 36677K [0x00000000a0000000, 0x00000000a5280000, 0x00000000e0000000)
  object space 84480K, 43% used [0x00000000a0000000,0x00000000a23d1418,0x00000000a5280000)
 Metaspace       used 57227K, capacity 58886K, committed 59096K, reserved 1099776K
  class space    used 7779K, capacity 8166K, committed 8192K, reserved 1048576K
}
Event: 10.991 GC heap before
{Heap before GC invocations=15 (full 3):
 PSYoungGen      total 171520K, used 157696K [0x00000000e0000000, 0x00000000edd80000, 0x0000000100000000)
  eden space 157696K, 100% used [0x00000000e0000000,0x00000000e9a00000,0x00000000e9a00000)
  from space 13824K, 0% used [0x00000000e9a00000,0x00000000e9a00000,0x00000000ea780000)
  to   space 18944K, 0% used [0x00000000ecb00000,0x00000000ecb00000,0x00000000edd80000)
 ParOldGen       total 84480K, used 36677K [0x00000000a0000000, 0x00000000a5280000, 0x00000000e0000000)
  object space 84480K, 43% used [0x00000000a0000000,0x00000000a23d1418,0x00000000a5280000)
 Metaspace       used 65380K, capacity 67636K, committed 68056K, reserved 1107968K
  class space    used 8863K, capacity 9347K, committed 9472K, reserved 1048576K
Event: 11.014 GC heap after
Heap after GC invocations=15 (full 3):
 PSYoungGen      total 199680K, used 14252K [0x00000000e0000000, 0x00000000eda00000, 0x0000000100000000)
  eden space 184320K, 0% used [0x00000000e0000000,0x00000000e0000000,0x00000000eb400000)
  from space 15360K, 92% used [0x00000000ecb00000,0x00000000ed8eb338,0x00000000eda00000)
  to   space 19456K, 0% used [0x00000000eb400000,0x00000000eb400000,0x00000000ec700000)
 ParOldGen       total 84480K, used 36685K [0x00000000a0000000, 0x00000000a5280000, 0x00000000e0000000)
  object space 84480K, 43% used [0x00000000a0000000,0x00000000a23d3418,0x00000000a5280000)
 Metaspace       used 65380K, capacity 67636K, committed 68056K, reserved 1107968K
  class space    used 8863K, capacity 9347K, committed 9472K, reserved 1048576K
}

