# JRE version: OpenJDK Runtime Environment (8.0_202-b03) (build 1.8.0_202-release-1483-b03)
# Java VM: OpenJDK 64-Bit Server VM (25.202-b03 mixed mode windows-amd64 compressed oops)
Heap:
 PSYoungGen      total 289280K, used 232545K [0x00000000e0000000, 0x00000000f4680000, 0x0000000100000000)
  eden space 253440K, 78% used [0x00000000e0000000,0x00000000ec35bdc0,0x00000000ef780000)
  from space 35840K, 90% used [0x00000000f1d80000,0x00000000f3d3c948,0x00000000f4080000)
  to   space 38912K, 0% used [0x00000000ef780000,0x00000000ef780000,0x00000000f1d80000)
 ParOldGen       total 186880K, used 54871K [0x00000000a0000000, 0x00000000ab680000, 0x00000000e0000000)
  object space 186880K, 29% used [0x00000000a0000000,0x00000000a3595d40,0x00000000ab680000)
 Metaspace       used 103619K, capacity 109120K, committed 109260K, reserved 1144832K
  class space    used 13049K, capacity 13987K, committed 14080K, reserved 1048576K
GC Heap History (10 events):
Event: 10867.734 GC heap before
{Heap before GC invocations=38 (full 4):
 PSYoungGen      total 210944K, used 195213K [0x00000000e0000000, 0x00000000f0780000, 0x0000000100000000)
  eden space 173056K, 100% used [0x00000000e0000000,0x00000000ea900000,0x00000000ea900000)
  from space 37888K, 58% used [0x00000000ea900000,0x00000000ebea3638,0x00000000ece00000)
  to   space 36864K, 0% used [0x00000000ee380000,0x00000000ee380000,0x00000000f0780000)
 ParOldGen       total 186880K, used 38349K [0x00000000a0000000, 0x00000000ab680000, 0x00000000e0000000)
  object space 186880K, 20% used [0x00000000a0000000,0x00000000a2573678,0x00000000ab680000)
 Metaspace       used 103282K, capacity 108562K, committed 108748K, reserved 1144832K
  class space    used 13016K, capacity 13938K, committed 14080K, reserved 1048576K
Event: 10867.752 GC heap after
Heap after GC invocations=38 (full 4):
 PSYoungGen      total 232960K, used 22669K [0x00000000e0000000, 0x00000000f0680000, 0x0000000100000000)
  eden space 197120K, 0% used [0x00000000e0000000,0x00000000e0000000,0x00000000ec080000)
  from space 35840K, 63% used [0x00000000ee380000,0x00000000ef9a36e0,0x00000000f0680000)
  to   space 35840K, 0% used [0x00000000ec080000,0x00000000ec080000,0x00000000ee380000)
 ParOldGen       total 186880K, used 38349K [0x00000000a0000000, 0x00000000ab680000, 0x00000000e0000000)
  object space 186880K, 20% used [0x00000000a0000000,0x00000000a2573678,0x00000000ab680000)
 Metaspace       used 103282K, capacity 108562K, committed 108748K, reserved 1144832K
  class space    used 13016K, capacity 13938K, committed 14080K, reserved 1048576K
}
Event: 10868.326 GC heap before
{Heap before GC invocations=39 (full 4):
 PSYoungGen      total 232960K, used 219789K [0x00000000e0000000, 0x00000000f0680000, 0x0000000100000000)
  eden space 197120K, 100% used [0x00000000e0000000,0x00000000ec080000,0x00000000ec080000)
  from space 35840K, 63% used [0x00000000ee380000,0x00000000ef9a36e0,0x00000000f0680000)
  to   space 35840K, 0% used [0x00000000ec080000,0x00000000ec080000,0x00000000ee380000)
 ParOldGen       total 186880K, used 38349K [0x00000000a0000000, 0x00000000ab680000, 0x00000000e0000000)
  object space 186880K, 20% used [0x00000000a0000000,0x00000000a2573678,0x00000000ab680000)
 Metaspace       used 103297K, capacity 108566K, committed 109004K, reserved 1144832K
  class space    used 13016K, capacity 13938K, committed 14080K, reserved 1048576K
Event: 10868.340 GC heap after
Heap after GC invocations=39 (full 4):
 PSYoungGen      total 232960K, used 22963K [0x00000000e0000000, 0x00000000f1e80000, 0x0000000100000000)
  eden space 197120K, 0% used [0x00000000e0000000,0x00000000e0000000,0x00000000ec080000)
  from space 35840K, 64% used [0x00000000ec080000,0x00000000ed6eccc8,0x00000000ee380000)
  to   space 34816K, 0% used [0x00000000efc80000,0x00000000efc80000,0x00000000f1e80000)
 ParOldGen       total 186880K, used 38349K [0x00000000a0000000, 0x00000000ab680000, 0x00000000e0000000)
  object space 186880K, 20% used [0x00000000a0000000,0x00000000a2573678,0x00000000ab680000)
 Metaspace       used 103297K, capacity 108566K, committed 109004K, reserved 1144832K
  class space    used 13016K, capacity 13938K, committed 14080K, reserved 1048576K
}
Event: 10868.880 GC heap before
{Heap before GC invocations=40 (full 4):
 PSYoungGen      total 232960K, used 220083K [0x00000000e0000000, 0x00000000f1e80000, 0x0000000100000000)
  eden space 197120K, 100% used [0x00000000e0000000,0x00000000ec080000,0x00000000ec080000)
  from space 35840K, 64% used [0x00000000ec080000,0x00000000ed6eccc8,0x00000000ee380000)
  to   space 34816K, 0% used [0x00000000efc80000,0x00000000efc80000,0x00000000f1e80000)
 ParOldGen       total 186880K, used 38349K [0x00000000a0000000, 0x00000000ab680000, 0x00000000e0000000)
  object space 186880K, 20% used [0x00000000a0000000,0x00000000a2573678,0x00000000ab680000)
 Metaspace       used 103345K, capacity 108630K, committed 109004K, reserved 1144832K
  class space    used 13022K, capacity 13938K, committed 14080K, reserved 1048576K
Event: 10868.916 GC heap after
Heap after GC invocations=40 (full 4):
 PSYoungGen      total 258560K, used 12833K [0x00000000e0000000, 0x00000000f2180000, 0x0000000100000000)
  eden space 223744K, 0% used [0x00000000e0000000,0x00000000e0000000,0x00000000eda80000)
  from space 34816K, 36% used [0x00000000efc80000,0x00000000f0908418,0x00000000f1e80000)
  to   space 34816K, 0% used [0x00000000eda80000,0x00000000eda80000,0x00000000efc80000)
 ParOldGen       total 186880K, used 48952K [0x00000000a0000000, 0x00000000ab680000, 0x00000000e0000000)
  object space 186880K, 26% used [0x00000000a0000000,0x00000000a2fce010,0x00000000ab680000)
 Metaspace       used 103345K, capacity 108630K, committed 109004K, reserved 1144832K
  class space    used 13022K, capacity 13938K, committed 14080K, reserved 1048576K
}
Event: 10869.548 GC heap before
{Heap before GC invocations=41 (full 4):
 PSYoungGen      total 258560K, used 236577K [0x00000000e0000000, 0x00000000f2180000, 0x0000000100000000)
  eden space 223744K, 100% used [0x00000000e0000000,0x00000000eda80000,0x00000000eda80000)
  from space 34816K, 36% used [0x00000000efc80000,0x00000000f0908418,0x00000000f1e80000)
  to   space 34816K, 0% used [0x00000000eda80000,0x00000000eda80000,0x00000000efc80000)
 ParOldGen       total 186880K, used 48952K [0x00000000a0000000, 0x00000000ab680000, 0x00000000e0000000)
  object space 186880K, 26% used [0x00000000a0000000,0x00000000a2fce010,0x00000000ab680000)
 Metaspace       used 103367K, capacity 108638K, committed 109004K, reserved 1144832K
  class space    used 13023K, capacity 13940K, committed 14080K, reserved 1048576K
Event: 10869.565 GC heap after
Heap after GC invocations=41 (full 4):
 PSYoungGen      total 258560K, used 8060K [0x00000000e0000000, 0x00000000f4080000, 0x0000000100000000)
  eden space 223744K, 0% used [0x00000000e0000000,0x00000000e0000000,0x00000000eda80000)
  from space 34816K, 23% used [0x00000000eda80000,0x00000000ee25f318,0x00000000efc80000)
  to   space 35840K, 0% used [0x00000000f1d80000,0x00000000f1d80000,0x00000000f4080000)
 ParOldGen       total 186880K, used 54087K [0x00000000a0000000, 0x00000000ab680000, 0x00000000e0000000)
  object space 186880K, 28% used [0x00000000a0000000,0x00000000a34d1ca0,0x00000000ab680000)
 Metaspace       used 103367K, capacity 108638K, committed 109004K, reserved 1144832K
  class space    used 13023K, capacity 13940K, committed 14080K, reserved 1048576K
}
Event: 10870.338 GC heap before
{Heap before GC invocations=42 (full 4):
 PSYoungGen      total 258560K, used 231804K [0x00000000e0000000, 0x00000000f4080000, 0x0000000100000000)
  eden space 223744K, 100% used [0x00000000e0000000,0x00000000eda80000,0x00000000eda80000)
  from space 34816K, 23% used [0x00000000eda80000,0x00000000ee25f318,0x00000000efc80000)
  to   space 35840K, 0% used [0x00000000f1d80000,0x00000000f1d80000,0x00000000f4080000)
 ParOldGen       total 186880K, used 54087K [0x00000000a0000000, 0x00000000ab680000, 0x00000000e0000000)
  object space 186880K, 28% used [0x00000000a0000000,0x00000000a34d1ca0,0x00000000ab680000)
 Metaspace       used 103389K, capacity 108638K, committed 109004K, reserved 1144832K
  class space    used 13023K, capacity 13940K, committed 14080K, reserved 1048576K
Event: 10870.366 GC heap after
Heap after GC invocations=42 (full 4):
 PSYoungGen      total 289280K, used 32498K [0x00000000e0000000, 0x00000000f4680000, 0x0000000100000000)
  eden space 253440K, 0% used [0x00000000e0000000,0x00000000e0000000,0x00000000ef780000)
  from space 35840K, 90% used [0x00000000f1d80000,0x00000000f3d3c948,0x00000000f4080000)
  to   space 38912K, 0% used [0x00000000ef780000,0x00000000ef780000,0x00000000f1d80000)
 ParOldGen       total 186880K, used 54871K [0x00000000a0000000, 0x00000000ab680000, 0x00000000e0000000)
  object space 186880K, 29% used [0x00000000a0000000,0x00000000a3595d40,0x00000000ab680000)
 Metaspace       used 103389K, capacity 108638K, committed 109004K, reserved 1144832K
  class space    used 13023K, capacity 13940K, committed 14080K, reserved 1048576K
}

